Arguments: 
  C:\Program Files\nodejs\node.exe C:\Users\paspo\AppData\Roaming\npm\node_modules\yarn\bin\yarn.js exec 1 0 0 1 0 1

PATH: 
  C:\Users\paspo\Desktop\ffmpeg\bin;C:\Program Files (x86)\Common Files\Oracle\Java\javapath;C:\ProgramData\Oracle\Java\javapath;C:\Windows\system32;C:\Windows;C:\Windows\System32\Wbem;C:\Windows\System32\WindowsPowerShell\v1.0\;C:\Windows\System32\OpenSSH\;C:\Program Files\NVIDIA Corporation\NVIDIA NvDLISR;C:\Program Files\Java\jdk1.8.0_60\bin;C:\Program Files\Docker\Docker\resources\bin;C:\ProgramData\DockerDesktop\version-bin;C:\Program Files (x86)\NVIDIA Corporation\PhysX\Common;C:\Program Files\Java\jdk1.8.0_60\bin;C:\sts-bundle\apache-maven-3.8.1\bin;C:\sts-bundle\apache-maven-3.8.1\bin;C:\Program Files\Git\cmd;C:\wamp64\bin\php\php7.2.14;C:\composer;C:\Program Files\dotnet\;C:\Program Files\nodejs\;C:\Program Files (x86)\Openport;C:\xampp\php;C:\Users\paspo\AppData\Local\Microsoft\WindowsApps;C:\Users\paspo\AppData\Local\Programs\Microsoft VS Code\bin;C:\Users\paspo\AppData\Local\GitHubDesktop\bin;C:\Users\paspo\AppData\Roaming\Composer\vendor\bin;C:\Users\paspo\AppData\Roaming\npm;C:\Program Files (x86);C:\xampp\php;C:\Users\paspo\AppData\Local\Microsoft\WindowsApps;C:\Users\paspo\AppData\Local\Programs\Microsoft VS Code\bin;C:\Users\paspo\AppData\Local\GitHubDesktop\bin;C:\Users\paspo\AppData\Roaming\Composer\vendor\bin;C:\Users\paspo\AppData\Roaming\npm;C:\Program Files (x86)\Brackets\;C:\Program Files\heroku\bin

Yarn version: 
  1.22.19

Node version: 
  16.14.0

Platform: 
  win32 x64

Trace: 
  SyntaxError: C:\Users\paspo\Desktop\testing\package.json: Unexpected string in JSON at position 53
      at JSON.parse (<anonymous>)
      at C:\Users\paspo\AppData\Roaming\npm\node_modules\yarn\lib\cli.js:1629:59
      at Generator.next (<anonymous>)
      at step (C:\Users\paspo\AppData\Roaming\npm\node_modules\yarn\lib\cli.js:310:30)
      at C:\Users\paspo\AppData\Roaming\npm\node_modules\yarn\lib\cli.js:321:13

npm manifest: 
  {
    "dependencies": {
      "ts-node": "^10.9.1"
    }
    "scripts": {
          "exec": "ts-node script.ts"
      }
  }

yarn manifest: 
  No manifest

Lockfile: 
  No lockfile
